2023-04-17 18:57:36.151  INFO 34572 --- [restartedMain] b.e.u.pb.pw26s.server.ServerApplication  : Starting ServerApplication using Java 17 on DESKTOP-PUU3LHI with PID 34572 (D:\dev\utfpr\aulas\pw26s-2023-1\aula8\server\target\classes started by vinic in D:\dev\utfpr\aulas\pw26s-2023-1\aula8\server)
2023-04-17 18:57:36.152  INFO 34572 --- [restartedMain] b.e.u.pb.pw26s.server.ServerApplication  : The following 1 profile is active: "dev"
2023-04-17 18:57:36.202  INFO 34572 --- [restartedMain] .e.DevToolsPropertyDefaultsPostProcessor : Devtools property defaults active! Set 'spring.devtools.add-properties' to 'false' to disable
2023-04-17 18:57:36.202  INFO 34572 --- [restartedMain] .e.DevToolsPropertyDefaultsPostProcessor : For additional web related logging consider setting the 'logging.level.web' property to 'DEBUG'
2023-04-17 18:57:37.400  INFO 34572 --- [restartedMain] .s.d.r.c.RepositoryConfigurationDelegate : Bootstrapping Spring Data JPA repositories in DEFAULT mode.
2023-04-17 18:57:37.459  INFO 34572 --- [restartedMain] .s.d.r.c.RepositoryConfigurationDelegate : Finished Spring Data repository scanning in 52 ms. Found 4 JPA repository interfaces.
2023-04-17 18:57:38.226  INFO 34572 --- [restartedMain] o.s.b.w.embedded.tomcat.TomcatWebServer  : Tomcat initialized with port(s): 8080 (http)
2023-04-17 18:57:38.235  INFO 34572 --- [restartedMain] o.apache.catalina.core.StandardService   : Starting service [Tomcat]
2023-04-17 18:57:38.235  INFO 34572 --- [restartedMain] org.apache.catalina.core.StandardEngine  : Starting Servlet engine: [Apache Tomcat/9.0.65]
2023-04-17 18:57:38.393  INFO 34572 --- [restartedMain] o.a.c.c.C.[Tomcat].[localhost].[/]       : Initializing Spring embedded WebApplicationContext
2023-04-17 18:57:38.393  INFO 34572 --- [restartedMain] w.s.c.ServletWebServerApplicationContext : Root WebApplicationContext: initialization completed in 2190 ms
2023-04-17 18:57:38.493  INFO 34572 --- [restartedMain] com.zaxxer.hikari.HikariDataSource       : HikariPool-1 - Starting...
2023-04-17 18:57:38.677  INFO 34572 --- [restartedMain] com.zaxxer.hikari.HikariDataSource       : HikariPool-1 - Start completed.
2023-04-17 18:57:38.685  INFO 34572 --- [restartedMain] o.s.b.a.h2.H2ConsoleAutoConfiguration    : H2 console available at '/h2-console'. Database available at 'jdbc:h2:mem:pw26s-dev'
2023-04-17 18:57:38.758  INFO 34572 --- [restartedMain] o.s.j.support.DatabaseStartupValidator   : Database startup detected after 0.001 seconds
2023-04-17 18:57:38.759  INFO 34572 --- [restartedMain] o.s.j.support.DatabaseStartupValidator   : Database startup detected after 0.0 seconds
2023-04-17 18:57:38.804  INFO 34572 --- [restartedMain] o.hibernate.jpa.internal.util.LogHelper  : HHH000204: Processing PersistenceUnitInfo [name: default]
2023-04-17 18:57:38.846  INFO 34572 --- [restartedMain] org.hibernate.Version                    : HHH000412: Hibernate ORM core version 5.6.10.Final
2023-04-17 18:57:38.969  INFO 34572 --- [restartedMain] o.hibernate.annotations.common.Version   : HCANN000001: Hibernate Commons Annotations {5.1.2.Final}
2023-04-17 18:57:39.067  INFO 34572 --- [restartedMain] org.hibernate.dialect.Dialect            : HHH000400: Using dialect: org.hibernate.dialect.H2Dialect
2023-04-17 18:57:39.568  INFO 34572 --- [restartedMain] o.h.e.t.j.p.i.JtaPlatformInitiator       : HHH000490: Using JtaPlatform implementation: [org.hibernate.engine.transaction.jta.platform.internal.NoJtaPlatform]
2023-04-17 18:57:39.575  INFO 34572 --- [restartedMain] j.LocalContainerEntityManagerFactoryBean : Initialized JPA EntityManagerFactory for persistence unit 'default'
2023-04-17 18:57:40.478  INFO 34572 --- [restartedMain] o.s.b.a.e.web.EndpointLinksResolver      : Exposing 15 endpoint(s) beneath base path '/actuator'
2023-04-17 18:57:40.534  WARN 34572 --- [restartedMain] JpaBaseConfiguration$JpaWebConfiguration : spring.jpa.open-in-view is enabled by default. Therefore, database queries may be performed during view rendering. Explicitly configure spring.jpa.open-in-view to disable this warning
2023-04-17 18:57:40.863  INFO 34572 --- [restartedMain] o.s.s.web.DefaultSecurityFilterChain     : Will secure any request with [org.springframework.security.web.session.DisableEncodeUrlFilter@25d1174c, org.springframework.security.web.context.request.async.WebAsyncManagerIntegrationFilter@45473617, org.springframework.security.web.context.SecurityContextPersistenceFilter@1a699e7d, org.springframework.security.web.header.HeaderWriterFilter@28ac231, org.springframework.web.filter.CorsFilter@31a29e26, org.springframework.security.web.authentication.logout.LogoutFilter@580516e5, br.edu.utfpr.pb.pw26s.server.security.JWTAuthenticationFilter@276c9453, br.edu.utfpr.pb.pw26s.server.security.JWTAuthorizationFilter@aaa9c85, org.springframework.security.web.savedrequest.RequestCacheAwareFilter@13772ffe, org.springframework.security.web.servletapi.SecurityContextHolderAwareRequestFilter@19d6e2ea, org.springframework.security.web.authentication.AnonymousAuthenticationFilter@7621e449, org.springframework.security.web.session.SessionManagementFilter@554f9233, org.springframework.security.web.access.ExceptionTranslationFilter@2dddd1d9, org.springframework.security.web.access.intercept.FilterSecurityInterceptor@6c692b44]
2023-04-17 18:57:40.942  INFO 34572 --- [restartedMain] o.s.b.d.a.OptionalLiveReloadServer       : LiveReload server is running on port 35729
2023-04-17 18:57:41.209  INFO 34572 --- [restartedMain] o.f.c.internal.license.VersionPrinter    : Flyway Community Edition 8.5.13 by Redgate
2023-04-17 18:57:41.210  INFO 34572 --- [restartedMain] o.f.c.internal.license.VersionPrinter    : See what's new here: https://flywaydb.org/documentation/learnmore/releaseNotes#8.5.13
2023-04-17 18:57:41.210  INFO 34572 --- [restartedMain] o.f.c.internal.license.VersionPrinter    : 
2023-04-17 18:57:41.219  INFO 34572 --- [restartedMain] o.f.c.i.database.base.BaseDatabaseType   : Database: jdbc:h2:mem:pw26s-dev (H2 2.1)
2023-04-17 18:57:41.247  WARN 34572 --- [restartedMain] o.f.c.internal.database.base.Database    : Flyway upgrade recommended: H2 2.1.214 is newer than this version of Flyway and support has not been tested. The latest supported version of H2 is 2.1.210.
2023-04-17 18:57:41.273  INFO 34572 --- [restartedMain] o.f.core.internal.command.DbValidate     : Successfully validated 2 migrations (execution time 00:00.016s)
2023-04-17 18:57:41.278  INFO 34572 --- [restartedMain] o.f.c.i.s.JdbcTableSchemaHistory         : Creating Schema History table "PUBLIC"."flyway_schema_history" ...
2023-04-17 18:57:41.305  INFO 34572 --- [restartedMain] o.f.core.internal.command.DbMigrate      : Current version of schema "PUBLIC": << Empty Schema >>
2023-04-17 18:57:41.309  INFO 34572 --- [restartedMain] o.f.core.internal.command.DbMigrate      : Migrating schema "PUBLIC" to version "1.0 - Init"
2023-04-17 18:57:41.327  INFO 34572 --- [restartedMain] o.f.core.internal.command.DbMigrate      : Migrating schema "PUBLIC" to version "1.1 - Data"
2023-04-17 18:57:41.335  INFO 34572 --- [restartedMain] o.f.core.internal.command.DbMigrate      : Successfully applied 2 migrations to schema "PUBLIC", now at version v1.1 (execution time 00:00.032s)
2023-04-17 18:57:41.428  INFO 34572 --- [restartedMain] o.s.b.w.embedded.tomcat.TomcatWebServer  : Tomcat started on port(s): 8080 (http) with context path ''
2023-04-17 18:57:41.497  WARN 34572 --- [restartedMain] s.d.b.BodyParameterSpecificationProvider : Parameter should either be a simple or a content type
2023-04-17 18:57:41.880  INFO 34572 --- [restartedMain] b.e.u.pb.pw26s.server.ServerApplication  : Started ServerApplication in 6.118 seconds (JVM running for 6.847)
2023-04-17 18:57:42.002  INFO 34572 --- [RMI TCP Connection(3)-172.24.112.1] o.a.c.c.C.[Tomcat].[localhost].[/]       : Initializing Spring DispatcherServlet 'dispatcherServlet'
2023-04-17 18:57:42.002  INFO 34572 --- [RMI TCP Connection(3)-172.24.112.1] o.s.web.servlet.DispatcherServlet        : Initializing Servlet 'dispatcherServlet'
2023-04-17 18:57:42.004  INFO 34572 --- [RMI TCP Connection(3)-172.24.112.1] o.s.web.servlet.DispatcherServlet        : Completed initialization in 1 ms
2023-04-17 18:57:46.920  WARN 34572 --- [registrationTask1] d.c.b.a.c.r.ApplicationRegistrator       : Failed to register application as Application(name=spring-boot-application, managementUrl=http://DESKTOP-PUU3LHI:8080/actuator, healthUrl=http://DESKTOP-PUU3LHI:8080/actuator/health, serviceUrl=http://DESKTOP-PUU3LHI:8080/) at spring-boot-admin ([http://localhost:8081/instances]): I/O error on POST request for "http://localhost:8081/instances": Connect to localhost:8081 [localhost/127.0.0.1, localhost/0:0:0:0:0:0:0:1] failed: Connection refused: no further information; nested exception is org.apache.http.conn.HttpHostConnectException: Connect to localhost:8081 [localhost/127.0.0.1, localhost/0:0:0:0:0:0:0:1] failed: Connection refused: no further information. Further attempts are logged on DEBUG level
2023-04-17 19:15:11.013  WARN 34572 --- [http-nio-8080-exec-6] .w.s.m.s.DefaultHandlerExceptionResolver : Resolved [org.springframework.web.HttpRequestMethodNotSupportedException: Request method 'POST' not supported]
2023-04-17 19:42:22.266 ERROR 34572 --- [HikariPool-1 connection adder] com.zaxxer.hikari.pool.HikariPool        : HikariPool-1 - Error thrown while acquiring connection from data source

org.h2.jdbc.JdbcSQLNonTransientConnectionException: The database is open in exclusive mode; can not open additional connections [90135-214]
	at org.h2.message.DbException.getJdbcSQLException(DbException.java:678) ~[h2-2.1.214.jar:2.1.214]
	at org.h2.message.DbException.getJdbcSQLException(DbException.java:477) ~[h2-2.1.214.jar:2.1.214]
	at org.h2.message.DbException.get(DbException.java:223) ~[h2-2.1.214.jar:2.1.214]
	at org.h2.message.DbException.get(DbException.java:199) ~[h2-2.1.214.jar:2.1.214]
	at org.h2.message.DbException.get(DbException.java:188) ~[h2-2.1.214.jar:2.1.214]
	at org.h2.engine.SessionLocal.checkSuspended(SessionLocal.java:1240) ~[h2-2.1.214.jar:2.1.214]
	at org.h2.engine.SessionLocal.transitionToState(SessionLocal.java:1232) ~[h2-2.1.214.jar:2.1.214]
	at org.h2.engine.SessionLocal.waitIfExclusiveModeEnabled(SessionLocal.java:1480) ~[h2-2.1.214.jar:2.1.214]
	at org.h2.command.Command.executeQuery(Command.java:180) ~[h2-2.1.214.jar:2.1.214]
	at org.h2.jdbc.JdbcConnection.isReadOnly(JdbcConnection.java:538) ~[h2-2.1.214.jar:2.1.214]
	at com.zaxxer.hikari.pool.PoolBase.setupConnection(PoolBase.java:408) ~[HikariCP-4.0.3.jar:na]
	at com.zaxxer.hikari.pool.PoolBase.newConnection(PoolBase.java:369) ~[HikariCP-4.0.3.jar:na]
	at com.zaxxer.hikari.pool.PoolBase.newPoolEntry(PoolBase.java:206) ~[HikariCP-4.0.3.jar:na]
	at com.zaxxer.hikari.pool.HikariPool.createPoolEntry(HikariPool.java:476) ~[HikariCP-4.0.3.jar:na]
	at com.zaxxer.hikari.pool.HikariPool.access$100(HikariPool.java:71) ~[HikariCP-4.0.3.jar:na]
	at com.zaxxer.hikari.pool.HikariPool$PoolEntryCreator.call(HikariPool.java:726) ~[HikariCP-4.0.3.jar:na]
	at com.zaxxer.hikari.pool.HikariPool$PoolEntryCreator.call(HikariPool.java:712) ~[HikariCP-4.0.3.jar:na]
	at java.base/java.util.concurrent.FutureTask.run(FutureTask.java:264) ~[na:na]
	at java.base/java.util.concurrent.ThreadPoolExecutor.runWorker(ThreadPoolExecutor.java:1136) ~[na:na]
	at java.base/java.util.concurrent.ThreadPoolExecutor$Worker.run(ThreadPoolExecutor.java:635) ~[na:na]
	at java.base/java.lang.Thread.run(Thread.java:833) ~[na:na]

2023-04-17 19:42:22.465  WARN 34572 --- [SpringApplicationShutdownHook] o.s.b.f.support.DisposableBeanAdapter    : Invocation of destroy method failed on bean with name 'inMemoryDatabaseShutdownExecutor': org.h2.jdbc.JdbcSQLNonTransientConnectionException: Database is already closed (to disable automatic closing at VM shutdown, add ";DB_CLOSE_ON_EXIT=FALSE" to the db URL) [90121-214]
2023-04-17 19:42:22.475  INFO 34572 --- [SpringApplicationShutdownHook] j.LocalContainerEntityManagerFactoryBean : Closing JPA EntityManagerFactory for persistence unit 'default'
2023-04-17 19:42:22.477  INFO 34572 --- [SpringApplicationShutdownHook] com.zaxxer.hikari.HikariDataSource       : HikariPool-1 - Shutdown initiated...
2023-04-17 19:42:22.529  INFO 34572 --- [SpringApplicationShutdownHook] com.zaxxer.hikari.HikariDataSource       : HikariPool-1 - Shutdown completed.
