2023-03-07 17:37:04.355  INFO 32772 --- [restartedMain] b.e.u.pb.pw26s.server.ServerApplication  : Starting ServerApplication using Java 17 on DESKTOP-PUU3LHI with PID 32772 (D:\dev\utfpr\aulas\pw26s-2023-1\aula3\server\target\classes started by vinic in D:\dev\utfpr\aulas\pw26s-2023-1\aula3\server)
2023-03-07 17:37:04.356  INFO 32772 --- [restartedMain] b.e.u.pb.pw26s.server.ServerApplication  : The following 1 profile is active: "dev"
2023-03-07 17:37:04.395  INFO 32772 --- [restartedMain] .e.DevToolsPropertyDefaultsPostProcessor : Devtools property defaults active! Set 'spring.devtools.add-properties' to 'false' to disable
2023-03-07 17:37:04.395  INFO 32772 --- [restartedMain] .e.DevToolsPropertyDefaultsPostProcessor : For additional web related logging consider setting the 'logging.level.web' property to 'DEBUG'
2023-03-07 17:37:05.388  INFO 32772 --- [restartedMain] .s.d.r.c.RepositoryConfigurationDelegate : Bootstrapping Spring Data JPA repositories in DEFAULT mode.
2023-03-07 17:37:05.442  INFO 32772 --- [restartedMain] .s.d.r.c.RepositoryConfigurationDelegate : Finished Spring Data repository scanning in 47 ms. Found 3 JPA repository interfaces.
2023-03-07 17:37:05.997  INFO 32772 --- [restartedMain] o.s.b.w.embedded.tomcat.TomcatWebServer  : Tomcat initialized with port(s): 8080 (http)
2023-03-07 17:37:06.006  INFO 32772 --- [restartedMain] o.apache.catalina.core.StandardService   : Starting service [Tomcat]
2023-03-07 17:37:06.006  INFO 32772 --- [restartedMain] org.apache.catalina.core.StandardEngine  : Starting Servlet engine: [Apache Tomcat/9.0.65]
2023-03-07 17:37:06.112  INFO 32772 --- [restartedMain] o.a.c.c.C.[Tomcat].[localhost].[/]       : Initializing Spring embedded WebApplicationContext
2023-03-07 17:37:06.113  INFO 32772 --- [restartedMain] w.s.c.ServletWebServerApplicationContext : Root WebApplicationContext: initialization completed in 1718 ms
2023-03-07 17:37:06.228  INFO 32772 --- [restartedMain] com.zaxxer.hikari.HikariDataSource       : HikariPool-1 - Starting...
2023-03-07 17:37:06.401  INFO 32772 --- [restartedMain] com.zaxxer.hikari.HikariDataSource       : HikariPool-1 - Start completed.
2023-03-07 17:37:06.410  INFO 32772 --- [restartedMain] o.s.b.a.h2.H2ConsoleAutoConfiguration    : H2 console available at '/h2-console'. Database available at 'jdbc:h2:mem:pw25s-dev'
2023-03-07 17:37:06.487  INFO 32772 --- [restartedMain] o.s.j.support.DatabaseStartupValidator   : Database startup detected after 0.002 seconds
2023-03-07 17:37:06.488  INFO 32772 --- [restartedMain] o.s.j.support.DatabaseStartupValidator   : Database startup detected after 0.0 seconds
2023-03-07 17:37:06.532  INFO 32772 --- [restartedMain] o.hibernate.jpa.internal.util.LogHelper  : HHH000204: Processing PersistenceUnitInfo [name: default]
2023-03-07 17:37:06.573  INFO 32772 --- [restartedMain] org.hibernate.Version                    : HHH000412: Hibernate ORM core version 5.6.10.Final
2023-03-07 17:37:06.706  INFO 32772 --- [restartedMain] o.hibernate.annotations.common.Version   : HCANN000001: Hibernate Commons Annotations {5.1.2.Final}
2023-03-07 17:37:06.806  INFO 32772 --- [restartedMain] org.hibernate.dialect.Dialect            : HHH000400: Using dialect: org.hibernate.dialect.H2Dialect
2023-03-07 17:37:07.257  INFO 32772 --- [restartedMain] o.h.e.t.j.p.i.JtaPlatformInitiator       : HHH000490: Using JtaPlatform implementation: [org.hibernate.engine.transaction.jta.platform.internal.NoJtaPlatform]
2023-03-07 17:37:07.264  INFO 32772 --- [restartedMain] j.LocalContainerEntityManagerFactoryBean : Initialized JPA EntityManagerFactory for persistence unit 'default'
2023-03-07 17:37:07.919  INFO 32772 --- [restartedMain] o.s.b.a.e.web.EndpointLinksResolver      : Exposing 15 endpoint(s) beneath base path '/actuator'
2023-03-07 17:37:07.963  WARN 32772 --- [restartedMain] JpaBaseConfiguration$JpaWebConfiguration : spring.jpa.open-in-view is enabled by default. Therefore, database queries may be performed during view rendering. Explicitly configure spring.jpa.open-in-view to disable this warning
2023-03-07 17:37:08.275  INFO 32772 --- [restartedMain] o.s.s.web.DefaultSecurityFilterChain     : Will secure any request with [org.springframework.security.web.session.DisableEncodeUrlFilter@5bf35673, org.springframework.security.web.context.request.async.WebAsyncManagerIntegrationFilter@9b1883a, org.springframework.security.web.context.SecurityContextPersistenceFilter@b4a66f9, org.springframework.security.web.header.HeaderWriterFilter@5cfc5bcd, org.springframework.web.filter.CorsFilter@2d230518, org.springframework.security.web.authentication.logout.LogoutFilter@48d994cd, br.edu.utfpr.pb.pw26s.server.security.JWTAuthenticationFilter@51df08be, br.edu.utfpr.pb.pw26s.server.security.JWTAuthorizationFilter@105e9c38, org.springframework.security.web.savedrequest.RequestCacheAwareFilter@68653db9, org.springframework.security.web.servletapi.SecurityContextHolderAwareRequestFilter@1c0ab53b, org.springframework.security.web.authentication.AnonymousAuthenticationFilter@152b3651, org.springframework.security.web.session.SessionManagementFilter@2a8c7b4d, org.springframework.security.web.access.ExceptionTranslationFilter@4e067d3c, org.springframework.security.web.access.intercept.FilterSecurityInterceptor@22e59c8]
2023-03-07 17:37:08.349  INFO 32772 --- [restartedMain] o.s.b.d.a.OptionalLiveReloadServer       : LiveReload server is running on port 35729
2023-03-07 17:37:08.636  INFO 32772 --- [restartedMain] o.f.c.internal.license.VersionPrinter    : Flyway Community Edition 8.5.13 by Redgate
2023-03-07 17:37:08.636  INFO 32772 --- [restartedMain] o.f.c.internal.license.VersionPrinter    : See what's new here: https://flywaydb.org/documentation/learnmore/releaseNotes#8.5.13
2023-03-07 17:37:08.636  INFO 32772 --- [restartedMain] o.f.c.internal.license.VersionPrinter    : 
2023-03-07 17:37:08.646  INFO 32772 --- [restartedMain] o.f.c.i.database.base.BaseDatabaseType   : Database: jdbc:h2:mem:pw25s-dev (H2 2.1)
2023-03-07 17:37:08.672  WARN 32772 --- [restartedMain] o.f.c.internal.database.base.Database    : Flyway upgrade recommended: H2 2.1.214 is newer than this version of Flyway and support has not been tested. The latest supported version of H2 is 2.1.210.
2023-03-07 17:37:08.692  INFO 32772 --- [restartedMain] o.f.core.internal.command.DbValidate     : Successfully validated 2 migrations (execution time 00:00.010s)
2023-03-07 17:37:08.698  INFO 32772 --- [restartedMain] o.f.c.i.s.JdbcTableSchemaHistory         : Creating Schema History table "PUBLIC"."flyway_schema_history" ...
2023-03-07 17:37:08.718  INFO 32772 --- [restartedMain] o.f.core.internal.command.DbMigrate      : Current version of schema "PUBLIC": << Empty Schema >>
2023-03-07 17:37:08.723  INFO 32772 --- [restartedMain] o.f.core.internal.command.DbMigrate      : Migrating schema "PUBLIC" to version "1.0 - Init"
2023-03-07 17:37:08.738  INFO 32772 --- [restartedMain] o.f.core.internal.command.DbMigrate      : Migrating schema "PUBLIC" to version "1.1 - Data"
2023-03-07 17:37:08.745  INFO 32772 --- [restartedMain] o.f.core.internal.command.DbMigrate      : Successfully applied 2 migrations to schema "PUBLIC", now at version v1.1 (execution time 00:00.028s)
2023-03-07 17:37:08.830  INFO 32772 --- [restartedMain] o.s.b.w.embedded.tomcat.TomcatWebServer  : Tomcat started on port(s): 8080 (http) with context path ''
2023-03-07 17:37:08.881  WARN 32772 --- [restartedMain] s.d.b.BodyParameterSpecificationProvider : Parameter should either be a simple or a content type
2023-03-07 17:37:09.204  INFO 32772 --- [restartedMain] b.e.u.pb.pw26s.server.ServerApplication  : Started ServerApplication in 5.275 seconds (JVM running for 6.069)
2023-03-07 17:37:09.297  WARN 32772 --- [registrationTask1] d.c.b.a.c.r.ApplicationRegistrator       : Failed to register application as Application(name=spring-boot-application, managementUrl=http://host.docker.internal:8080/actuator, healthUrl=http://host.docker.internal:8080/actuator/health, serviceUrl=http://host.docker.internal:8080/) at spring-boot-admin ([http://localhost:8081/instances]): I/O error on POST request for "http://localhost:8081/instances": Connect to localhost:8081 [localhost/127.0.0.1, localhost/0:0:0:0:0:0:0:1] failed: Connection refused: no further information; nested exception is org.apache.http.conn.HttpHostConnectException: Connect to localhost:8081 [localhost/127.0.0.1, localhost/0:0:0:0:0:0:0:1] failed: Connection refused: no further information. Further attempts are logged on DEBUG level
2023-03-07 17:37:09.391  INFO 32772 --- [RMI TCP Connection(3)-172.20.190.208] o.a.c.c.C.[Tomcat].[localhost].[/]       : Initializing Spring DispatcherServlet 'dispatcherServlet'
2023-03-07 17:37:09.392  INFO 32772 --- [RMI TCP Connection(3)-172.20.190.208] o.s.web.servlet.DispatcherServlet        : Initializing Servlet 'dispatcherServlet'
2023-03-07 17:37:09.393  INFO 32772 --- [RMI TCP Connection(3)-172.20.190.208] o.s.web.servlet.DispatcherServlet        : Completed initialization in 1 ms
2023-03-07 17:37:11.930  WARN 32772 --- [SpringApplicationShutdownHook] o.s.b.f.support.DisposableBeanAdapter    : Invocation of destroy method failed on bean with name 'inMemoryDatabaseShutdownExecutor': org.h2.jdbc.JdbcSQLNonTransientConnectionException: Database is already closed (to disable automatic closing at VM shutdown, add ";DB_CLOSE_ON_EXIT=FALSE" to the db URL) [90121-214]
2023-03-07 17:37:11.938  INFO 32772 --- [SpringApplicationShutdownHook] j.LocalContainerEntityManagerFactoryBean : Closing JPA EntityManagerFactory for persistence unit 'default'
2023-03-07 17:37:11.940  INFO 32772 --- [SpringApplicationShutdownHook] com.zaxxer.hikari.HikariDataSource       : HikariPool-1 - Shutdown initiated...
2023-03-07 17:37:11.976  INFO 32772 --- [SpringApplicationShutdownHook] com.zaxxer.hikari.HikariDataSource       : HikariPool-1 - Shutdown completed.
